This is pdfTeX, Version 3.14159265-2.6-1.40.20 (TeX Live 2019/Debian) (preloaded format=pdflatex 2020.10.5)  10 MAY 2021 13:36
entering extended mode
 restricted \write18 enabled.
 %&-line parsing enabled.
**maindraft.tex
(./maindraft.tex
LaTeX2e <2020-02-02> patch level 2
L3 programming layer <2020-02-14>
(/usr/share/texlive/texmf-dist/tex/latex/base/report.cls
Document Class: report 2019/12/20 v1.4l Standard LaTeX document class
(/usr/share/texlive/texmf-dist/tex/latex/base/size12.clo
File: size12.clo 2019/12/20 v1.4l Standard LaTeX file (size option)
)
\c@part=\count167
\c@chapter=\count168
\c@section=\count169
\c@subsection=\count170
\c@subsubsection=\count171
\c@paragraph=\count172
\c@subparagraph=\count173
\c@figure=\count174
\c@table=\count175
\abovecaptionskip=\skip47
\belowcaptionskip=\skip48
\bibindent=\dimen134
)
(/usr/share/texlive/texmf-dist/tex/latex/base/inputenc.sty
Package: inputenc 2018/08/11 v1.3c Input encoding file
\inpenc@prehook=\toks14
\inpenc@posthook=\toks15

(/usr/share/texlive/texmf-dist/tex/latex/base/latin1.def
File: latin1.def 2018/08/11 v1.3c Input encoding file
))
(/usr/share/texlive/texmf-dist/tex/latex/graphics/graphicx.sty
Package: graphicx 2019/11/30 v1.2a Enhanced LaTeX Graphics (DPC,SPQR)

(/usr/share/texlive/texmf-dist/tex/latex/graphics/keyval.sty
Package: keyval 2014/10/28 v1.15 key=value parser (DPC)
\KV@toks@=\toks16
)
(/usr/share/texlive/texmf-dist/tex/latex/graphics/graphics.sty
Package: graphics 2019/11/30 v1.4a Standard LaTeX Graphics (DPC,SPQR)

(/usr/share/texlive/texmf-dist/tex/latex/graphics/trig.sty
Package: trig 2016/01/03 v1.10 sin cos tan (DPC)
)
(/usr/share/texlive/texmf-dist/tex/latex/graphics-cfg/graphics.cfg
File: graphics.cfg 2016/06/04 v1.11 sample graphics configuration
)
Package graphics Info: Driver file: pdftex.def on input line 105.

(/usr/share/texlive/texmf-dist/tex/latex/graphics-def/pdftex.def
File: pdftex.def 2018/01/08 v1.0l Graphics/color driver for pdftex
))
\Gin@req@height=\dimen135
\Gin@req@width=\dimen136
)
(/usr/share/texlive/texmf-dist/tex/latex/base/alltt.sty
Package: alltt 1997/06/16 v2.0g defines alltt environment
)
(/usr/share/texlive/texmf-dist/tex/latex/hyphenat/hyphenat.sty
Package: hyphenat 2009/09/02 v2.3c hyphenation utilities
\langwohyphens=\language85
LaTeX Info: Redefining \_ on input line 43.
)
(/usr/share/texlive/texmf-dist/tex/latex/xcolor/xcolor.sty
Package: xcolor 2016/05/11 v2.12 LaTeX color extensions (UK)

(/usr/share/texlive/texmf-dist/tex/latex/graphics-cfg/color.cfg
File: color.cfg 2016/01/02 v1.6 sample color configuration
)
Package xcolor Info: Driver file: pdftex.def on input line 225.
Package xcolor Info: Model `cmy' substituted by `cmy0' on input line 1348.
Package xcolor Info: Model `hsb' substituted by `rgb' on input line 1352.
Package xcolor Info: Model `RGB' extended on input line 1364.
Package xcolor Info: Model `HTML' substituted by `rgb' on input line 1366.
Package xcolor Info: Model `Hsb' substituted by `hsb' on input line 1367.
Package xcolor Info: Model `tHsb' substituted by `hsb' on input line 1368.
Package xcolor Info: Model `HSB' substituted by `hsb' on input line 1369.
Package xcolor Info: Model `Gray' substituted by `gray' on input line 1370.
Package xcolor Info: Model `wave' substituted by `hsb' on input line 1371.
)
(/usr/share/texlive/texmf-dist/tex/latex/listings/listings.sty
\lst@mode=\count176
\lst@gtempboxa=\box45
\lst@token=\toks17
\lst@length=\count177
\lst@currlwidth=\dimen137
\lst@column=\count178
\lst@pos=\count179
\lst@lostspace=\dimen138
\lst@width=\dimen139
\lst@newlines=\count180
\lst@lineno=\count181
\lst@maxwidth=\dimen140

(/usr/share/texlive/texmf-dist/tex/latex/listings/lstmisc.sty
File: lstmisc.sty 2019/09/10 1.8c (Carsten Heinz)
\c@lstnumber=\count182
\lst@skipnumbers=\count183
\lst@framebox=\box46
)
(/usr/share/texlive/texmf-dist/tex/latex/listings/listings.cfg
File: listings.cfg 2019/09/10 1.8c listings configuration
))
Package: listings 2019/09/10 1.8c (Carsten Heinz)

(/usr/share/texlive/texmf-dist/tex/latex/l3backend/l3backend-pdfmode.def
File: l3backend-pdfmode.def 2020-02-03 L3 backend support: PDF mode
\l__kernel_color_stack_int=\count184
\l__pdf_internal_box=\box47
)
(./maindraft.aux (./abstract.aux) (./introduction.aux) (./ch2.aux) (./ch3.aux)
(./ch4.aux) (./ch5.aux) (./ch6.aux) (./ch7.aux) (./Aims.aux))
\openout1 = `maindraft.aux'.

LaTeX Font Info:    Checking defaults for OML/cmm/m/it on input line 17.
LaTeX Font Info:    ... okay on input line 17.
LaTeX Font Info:    Checking defaults for OMS/cmsy/m/n on input line 17.
LaTeX Font Info:    ... okay on input line 17.
LaTeX Font Info:    Checking defaults for OT1/cmr/m/n on input line 17.
LaTeX Font Info:    ... okay on input line 17.
LaTeX Font Info:    Checking defaults for T1/cmr/m/n on input line 17.
LaTeX Font Info:    ... okay on input line 17.
LaTeX Font Info:    Checking defaults for TS1/cmr/m/n on input line 17.
LaTeX Font Info:    ... okay on input line 17.
LaTeX Font Info:    Checking defaults for OMX/cmex/m/n on input line 17.
LaTeX Font Info:    ... okay on input line 17.
LaTeX Font Info:    Checking defaults for U/cmr/m/n on input line 17.
LaTeX Font Info:    ... okay on input line 17.

(/usr/share/texlive/texmf-dist/tex/context/base/mkii/supp-pdf.mkii
[Loading MPS to PDF converter (version 2006.09.02).]
\scratchcounter=\count185
\scratchdimen=\dimen141
\scratchbox=\box48
\nofMPsegments=\count186
\nofMParguments=\count187
\everyMPshowfont=\toks18
\MPscratchCnt=\count188
\MPscratchDim=\dimen142
\MPnumerator=\count189
\makeMPintoPDFobject=\count190
\everyMPtoPDFconversion=\toks19
) (/usr/share/texlive/texmf-dist/tex/latex/epstopdf-pkg/epstopdf-base.sty
Package: epstopdf-base 2020-01-24 v2.11 Base part for package epstopdf
Package epstopdf-base Info: Redefining graphics rule for `.eps' on input line 4
85.

(/usr/share/texlive/texmf-dist/tex/latex/latexconfig/epstopdf-sys.cfg
File: epstopdf-sys.cfg 2010/07/13 v1.3 Configuration of (r)epstopdf for TeX Liv
e
))
\c@lstlisting=\count191
<logo.png, id=1, 134.00063pt x 39.14626pt>
File: logo.png Graphic file (type png)
<use logo.png>
Package pdftex.def Info: logo.png  used on input line 24.
(pdftex.def)             Requested size: 170.71652pt x 49.87227pt.

[1

{/var/lib/texmf/fonts/map/pdftex/updmap/pdftex.map} <./logo.png>]
\openout2 = `abstract.aux'.


(./abstract.tex [1

]) (./maindraft.toc
LaTeX Font Info:    External font `cmex10' loaded for size
(Font)              <12> on input line 3.
LaTeX Font Info:    External font `cmex10' loaded for size
(Font)              <8> on input line 3.
LaTeX Font Info:    External font `cmex10' loaded for size
(Font)              <6> on input line 3.
)
\tf@toc=\write3
\openout3 = `maindraft.toc'.

 [2


] (./maindraft.lof)
\tf@lof=\write4
\openout4 = `maindraft.lof'.

 (./maindraft.lot)
\tf@lot=\write5
\openout5 = `maindraft.lot'.


[3

]
\openout2 = `introduction.aux'.

 (./introduction.tex
Chapter 1.
[1


])
Underfull \hbox (badness 10000) in paragraph at lines 9--55

 []

[2] [3]
\openout2 = `ch2.aux'.

 (./ch2.tex
Chapter 2.
<../figures/Figure1.png, id=30, 878.28125pt x 658.46pt>
File: ../figures/Figure1.png Graphic file (type png)
<use ../figures/Figure1.png>
Package pdftex.def Info: ../figures/Figure1.png  used on input line 11.
(pdftex.def)             Requested size: 256.0754pt x 156.48634pt.
[4



]
<../figures/Figure2.png, id=34, 722.7pt x 262.0992pt>
File: ../figures/Figure2.png Graphic file (type png)
<use ../figures/Figure2.png>
Package pdftex.def Info: ../figures/Figure2.png  used on input line 23.
(pdftex.def)             Requested size: 426.79732pt x 184.94391pt.

Overfull \hbox (11.24483pt too wide) in paragraph at lines 23--24
 [][] 
 []

[5 <../figures/Figure1.png (PNG copy)>]

LaTeX Warning: Command \l invalid in math mode on input line 50.

[6 <../figures/Figure2.png>]) [7]
\openout2 = `ch3.aux'.

 (./ch3.tex
Chapter 3.
[9



]
<../figures/Figure3.png, id=57, 560.0925pt x 848.2089pt>
File: ../figures/Figure3.png Graphic file (type png)
<use ../figures/Figure3.png>
Package pdftex.def Info: ../figures/Figure3.png  used on input line 27.
(pdftex.def)             Requested size: 284.54091pt x 426.79547pt.
 [10] [11 <../figures/Figure3.png>]) [12]
\openout2 = `ch4.aux'.

 (./ch4.tex
Chapter 4.

Underfull \hbox (badness 10000) in paragraph at lines 7--8

 []


Underfull \hbox (badness 10000) in paragraph at lines 10--11

 []

[13



]
<../figures/Figure4.png, id=73, 660.3069pt x 182.1204pt>
File: ../figures/Figure4.png Graphic file (type png)
<use ../figures/Figure4.png>
Package pdftex.def Info: ../figures/Figure4.png  used on input line 14.
(pdftex.def)             Requested size: 426.79134pt x 117.71825pt.

Overfull \hbox (11.23885pt too wide) in paragraph at lines 14--15
 [][] 
 []

<../figures/Figure5.png, id=74, 478.9092pt x 564.6696pt>
File: ../figures/Figure5.png Graphic file (type png)
<use ../figures/Figure5.png>
Package pdftex.def Info: ../figures/Figure5.png  used on input line 28.
(pdftex.def)             Requested size: 284.52701pt x 341.4323pt.
[14 <../figures/Figure4.png>]) [15 <../figures/Figure5.png>]
\openout2 = `ch5.aux'.

 (./ch5.tex
Chapter 5.
[16



]) [17]
\openout2 = `ch6.aux'.

 (./ch6.tex
Chapter 6.

Underfull \hbox (badness 10000) in paragraph at lines 4--5

 []


Overfull \hbox (8.55283pt too wide) in paragraph at lines 6--7
\OT1/cmr/m/n/12 works for pre-dict-ing non-trophic in-ter-ac-tions, which calls
 for in-te-grat-ing community-
 []

[18



] [19]) [20]
\openout2 = `ch7.aux'.

 (./ch7.tex
Chapter 7.
<../figures/Figure6.png, id=99, 800.9925pt x 406.51875pt>
File: ../figures/Figure6.png Graphic file (type png)
<use ../figures/Figure6.png>
Package pdftex.def Info: ../figures/Figure6.png  used on input line 8.
(pdftex.def)             Requested size: 341.43785pt x 170.71188pt.
[21



 <../figures/Figure6.png (PNG copy)>]
<../figures/Figure7.png, id=103, 1483.5425pt x 784.9325pt>
File: ../figures/Figure7.png Graphic file (type png)
<use ../figures/Figure7.png>
Package pdftex.def Info: ../figures/Figure7.png  used on input line 18.
(pdftex.def)             Requested size: 341.43398pt x 213.39581pt.

Overfull \hbox (9.28333pt too wide) in paragraph at lines 23--23
[]\OT1/cmr/bx/n/17.28 Complex In-ter-ac-tions and Dy-namic Net-works 
 []

[22 <../figures/Figure7.png (PNG copy)>]
<../figures/Figure8.png, id=108, 1050.92625pt x 778.91pt>
File: ../figures/Figure8.png Graphic file (type png)
<use ../figures/Figure8.png>
Package pdftex.def Info: ../figures/Figure8.png  used on input line 30.
(pdftex.def)             Requested size: 341.43474pt x 227.61336pt.
) [23 <../figures/Figure8.png (PNG copy)>]
\openout2 = `Aims.aux'.

 (./Aims.tex
Chapter 8.
) [24



] (./maindraft.bbl [25


]
Underfull \hbox (badness 2556) in paragraph at lines 52--57
[]\OT1/cmr/m/n/12 M. Gob-erna, A. Montesinos-Navarro, A. Valiente-Banuet, Y. Co
lin,
 []

[26]
Underfull \hbox (badness 3219) in paragraph at lines 111--115
[]\OT1/cmr/m/n/12 F. Lemoine, J.-B. Domelevo Ent-fell-ner, E. Wilkin-son, D. Co
r-reia,
 []

) [27] (./maindraft.aux (./abstract.aux) (./introduction.aux) (./ch2.aux)
(./ch3.aux) (./ch4.aux) (./ch5.aux) (./ch6.aux) (./ch7.aux) (./Aims.aux)) ) 
Here is how much of TeX's memory you used:
 3282 strings out of 481239
 45587 string characters out of 5920377
 292328 words of memory out of 5000000
 18470 multiletter control sequences out of 15000+600000
 538488 words of font info for 44 fonts, out of 8000000 for 9000
 1141 hyphenation exceptions out of 8191
 30i,8n,37p,3275b,235s stack positions out of 5000i,500n,10000p,200000b,80000s
{/us
r/share/texmf/fonts/enc/dvips/cm-super/cm-super-ts1.enc}</usr/share/texlive/tex
mf-dist/fonts/type1/public/amsfonts/cm/cmbx12.pfb></usr/share/texlive/texmf-dis
t/fonts/type1/public/amsfonts/cm/cmex10.pfb></usr/share/texlive/texmf-dist/font
s/type1/public/amsfonts/cm/cmmi12.pfb></usr/share/texlive/texmf-dist/fonts/type
1/public/amsfonts/cm/cmmi6.pfb></usr/share/texlive/texmf-dist/fonts/type1/publi
c/amsfonts/cm/cmmi8.pfb></usr/share/texlive/texmf-dist/fonts/type1/public/amsfo
nts/cm/cmr12.pfb></usr/share/texlive/texmf-dist/fonts/type1/public/amsfonts/cm/
cmr8.pfb></usr/share/texlive/texmf-dist/fonts/type1/public/amsfonts/cm/cmsy10.p
fb></usr/share/texlive/texmf-dist/fonts/type1/public/amsfonts/cm/cmsy6.pfb></us
r/share/texlive/texmf-dist/fonts/type1/public/amsfonts/cm/cmsy8.pfb></usr/share
/texlive/texmf-dist/fonts/type1/public/amsfonts/cm/cmti12.pfb></usr/share/texmf
/fonts/type1/public/cm-super/sfrm1200.pfb>
Output written on maindraft.pdf (30 pages, 982686 bytes).
PDF statistics:
 165 PDF objects out of 1000 (max. 8388607)
 105 compressed objects within 2 object streams
 0 named destinations out of 1000 (max. 500000)
 46 words of extra memory for PDF output out of 10000 (max. 10000000)

